<?xml version="1.0" encoding="UTF-8"?>
<!-- Generated by org.testng.reporters.JUnitReportReporter -->
<testsuite hostname="VinothR" failures="0" tests="5" name="com.automation.registerdemoflow.RegisterDemoFlow" time="12.729" errors="0" timestamp="2024-11-08T10:58:20 IST" skipped="0">
  <testcase classname="com.automation.registerdemoflow.RegisterDemoFlow" name="launchApplication" time="5.767"/>
  <testcase classname="com.automation.registerdemoflow.RegisterDemoFlow" name="navigationToRegisterPage" time="1.397"/>
  <testcase classname="com.automation.registerdemoflow.RegisterDemoFlow" name="registerUser" time="5.347"/>
  <testcase classname="com.automation.registerdemoflow.RegisterDemoFlow" name="verifySuccessfulMessage" time="0.068"/>
  <testcase classname="com.automation.registerdemoflow.RegisterDemoFlow" name="closeApplicaton" time="0.150"/>
</testsuite> <!-- com.automation.registerdemoflow.RegisterDemoFlow -->
